  NNF.cpp
C:\Users\jimne\Documents\GitHub\Authoring-Tool\Project1\AuthorToolNew\NNF.cpp(26,41): warning C4305: '=': truncation from 'int' to '_Tp'
          with
          [
              _Tp=uchar
          ]
C:\Users\jimne\Documents\GitHub\Authoring-Tool\Project1\AuthorToolNew\NNF.cpp(26,33): warning C4309: '=': truncation of constant value
C:\Users\jimne\Documents\GitHub\Authoring-Tool\Project1\AuthorToolNew\NNF.cpp(56,45): warning C4305: '=': truncation from 'int' to '_Tp'
          with
          [
              _Tp=uchar
          ]
C:\Users\jimne\Documents\GitHub\Authoring-Tool\Project1\AuthorToolNew\NNF.cpp(56,37): warning C4309: '=': truncation of constant value
C:\Users\jimne\Documents\GitHub\Authoring-Tool\Project1\AuthorToolNew\NNF.cpp(161,19): warning C4244: '+=': conversion from 'double' to 'long', possible loss of data
  Generating code
  15 of 186 functions ( 8.1%) were compiled, the rest were copied from previous compilation.
    0 functions were new in current compilation
    8 functions had inline decision re-evaluated but remain unchanged
  Finished generating code
  AuthorToolNew.vcxproj -> C:\Users\jimne\Documents\GitHub\Authoring-Tool\Project1\x64\Release\AuthorToolNew.exe
